<?xml version="1.0" encoding="UTF-8"?>
<!-- Generated by org.testng.reporters.JUnitXMLReporter -->
<testsuite hostname="ASDP1510_PO01976" name="ChromeBrowserTest" tests="3" failures="1" timestamp="22 Jul 2019 05:20:52 GMT" time="33.294" errors="0">
  <testcase name="userEntersCorrectCredentials" time="4.331" classname="com.gmail.testScripts.Test_LoginPage"/>
  <testcase name="userEntersInvalidUserName" time="2.758" classname="com.gmail.testScripts.Test_LoginPage">
    <failure type="org.openqa.selenium.InvalidSelectorException" message="invalid selector: Unable to locate an element with the xpath expression //div[text()=&amp;apos;Couldn\&amp;apos;t find your Google Account&amp;apos;] because of the following error:
SyntaxError: Failed to execute &amp;apos;evaluate&amp;apos; on &amp;apos;Document&amp;apos;: The string &amp;apos;//div[text()=&amp;apos;Couldn\&amp;apos;t find your Google Account&amp;apos;]&amp;apos; is not a valid XPath expression.
  (Session info: chrome=75.0.3770.142)
For documentation on this error, please visit: https://www.seleniumhq.org/exceptions/invalid_selector_exception.html
Build info: version: &amp;apos;3.141.59&amp;apos;, revision: &amp;apos;e82be7d358&amp;apos;, time: &amp;apos;2018-11-14T08:17:03&amp;apos;
System info: host: &amp;apos;ASDP1510_PO0197&amp;apos;, ip: &amp;apos;10.0.9.143&amp;apos;, os.name: &amp;apos;Windows 10&amp;apos;, os.arch: &amp;apos;amd64&amp;apos;, os.version: &amp;apos;10.0&amp;apos;, java.version: &amp;apos;1.8.0_111&amp;apos;
Driver info: org.openqa.selenium.chrome.ChromeDriver
Capabilities {acceptInsecureCerts: false, browserName: chrome, browserVersion: 75.0.3770.142, chrome: {chromedriverVersion: 75.0.3770.90 (a6dcaf7e3ec6f..., userDataDir: C:\Users\MUKULV~1\AppData\L...}, goog:chromeOptions: {debuggerAddress: localhost:56338}, javascriptEnabled: true, networkConnectionEnabled: false, pageLoadStrategy: normal, platform: XP, platformName: XP, proxy: Proxy(), setWindowRect: true, strictFileInteractability: false, timeouts: {implicit: 0, pageLoad: 300000, script: 30000}, unhandledPromptBehavior: dismiss and notify}
Session ID: 24a97fb3adda246e5b34f96e192bc9e6
*** Element info: {Using=xpath, value=//div[text()=&amp;apos;Couldn\&amp;apos;t find your Google Account&amp;apos;]}">
      <![CDATA[org.openqa.selenium.InvalidSelectorException: invalid selector: Unable to locate an element with the xpath expression //div[text()='Couldn\'t find your Google Account'] because of the following error:
SyntaxError: Failed to execute 'evaluate' on 'Document': The string '//div[text()='Couldn\'t find your Google Account']' is not a valid XPath expression.
  (Session info: chrome=75.0.3770.142)
For documentation on this error, please visit: https://www.seleniumhq.org/exceptions/invalid_selector_exception.html
Build info: version: '3.141.59', revision: 'e82be7d358', time: '2018-11-14T08:17:03'
System info: host: 'ASDP1510_PO0197', ip: '10.0.9.143', os.name: 'Windows 10', os.arch: 'amd64', os.version: '10.0', java.version: '1.8.0_111'
Driver info: org.openqa.selenium.chrome.ChromeDriver
Capabilities {acceptInsecureCerts: false, browserName: chrome, browserVersion: 75.0.3770.142, chrome: {chromedriverVersion: 75.0.3770.90 (a6dcaf7e3ec6f..., userDataDir: C:\Users\MUKULV~1\AppData\L...}, goog:chromeOptions: {debuggerAddress: localhost:56338}, javascriptEnabled: true, networkConnectionEnabled: false, pageLoadStrategy: normal, platform: XP, platformName: XP, proxy: Proxy(), setWindowRect: true, strictFileInteractability: false, timeouts: {implicit: 0, pageLoad: 300000, script: 30000}, unhandledPromptBehavior: dismiss and notify}
Session ID: 24a97fb3adda246e5b34f96e192bc9e6
*** Element info: {Using=xpath, value=//div[text()='Couldn\'t find your Google Account']}
	at org.openqa.selenium.remote.http.W3CHttpResponseCodec.createException(W3CHttpResponseCodec.java:187)
	at org.openqa.selenium.remote.http.W3CHttpResponseCodec.decode(W3CHttpResponseCodec.java:122)
	at org.openqa.selenium.remote.http.W3CHttpResponseCodec.decode(W3CHttpResponseCodec.java:49)
	at org.openqa.selenium.remote.HttpCommandExecutor.execute(HttpCommandExecutor.java:158)
	at org.openqa.selenium.remote.service.DriverCommandExecutor.execute(DriverCommandExecutor.java:83)
	at org.openqa.selenium.remote.RemoteWebDriver.execute(RemoteWebDriver.java:552)
	at org.openqa.selenium.remote.RemoteWebDriver.findElement(RemoteWebDriver.java:323)
	at org.openqa.selenium.remote.RemoteWebDriver.findElementByXPath(RemoteWebDriver.java:428)
	at org.openqa.selenium.By$ByXPath.findElement(By.java:353)
	at org.openqa.selenium.remote.RemoteWebDriver.findElement(RemoteWebDriver.java:315)
	at com.gmail.generic.ElementFinder.findElement(ElementFinder.java:12)
	at com.gmail.webElements.loginPage.LoginPageElements.setTextInvalidEmailMessage(LoginPageElements.java:63)
	at com.gmail.webElements.loginPage.LoginPageElements.getTextInvalidEmailMessage(LoginPageElements.java:91)
	at com.gmail.pageClasses.LoginPage.getEmailErrorMessage(LoginPage.java:34)
	at com.gmail.testScripts.Test_LoginPage.userEntersInvalidUserName(Test_LoginPage.java:30)
	at java.util.concurrent.FutureTask.run(Unknown Source)
	at java.util.concurrent.ThreadPoolExecutor.runWorker(Unknown Source)
	at java.util.concurrent.ThreadPoolExecutor$Worker.run(Unknown Source)
	at java.lang.Thread.run(Unknown Source)
... Removed 20 stack frames]]>
    </failure>
  </testcase> <!-- userEntersInvalidUserName -->
  <testcase name="userEntersValidUserNameButInvalidPassword" time="4.447" classname="com.gmail.testScripts.Test_LoginPage"/>
</testsuite> <!-- ChromeBrowserTest -->
